\BOOKMARK [1][-]{table.caption.1}{\376\377\004\022\004\022\004\025\004\024\004\025\004\035\004\030\004\025}{}% 1
\BOOKMARK [1][-]{section.1}{\376\377\004\020\004\075\004\060\004\073\004\070\004\102\004\070\004\107\004\065\004\101\004\072\004\060\004\117\000\040\004\107\004\060\004\101\004\102\004\114}{}% 2
\BOOKMARK [2][-]{subsection.1.1}{\376\377\004\032\004\100\004\070\004\102\004\065\004\100\004\070\004\070\000\040\004\072\004\073\004\060\004\101\004\101\004\070\004\104\004\070\004\072\004\060\004\106\004\070\004\070\000\040\004\074\004\065\004\102\004\076\004\064\004\076\004\062\000\040\004\076\004\102\004\076\004\061\004\100\004\060\004\066\004\065\004\075\004\070\004\117\000\040\004\070\004\075\004\102\004\065\004\100\004\104\004\065\004\071\004\101\004\060}{section.1}% 3
\BOOKMARK [2][-]{subsection.1.2}{\376\377\004\034\004\065\004\102\004\076\004\064\004\113\000\040\004\076\004\102\004\076\004\061\004\100\004\060\004\066\004\065\004\075\004\070\004\117\000\040\004\070\004\075\004\102\004\065\004\100\004\104\004\065\004\071\004\101\004\060\000\040\004\062\000\040\000f\000r\000o\000n\000t\000e\000n\000d\040\023\004\100\004\060\004\067\004\100\004\060\004\061\004\076\004\102\004\072\004\065}{section.1}% 4
\BOOKMARK [3][-]{subsubsection.1.2.1}{\376\377\000R\000e\000a\000c\000t}{subsection.1.2}% 5
\BOOKMARK [3][-]{subsubsection.1.2.2}{\376\377\000V\000u\000e\000.\000j\000s}{subsection.1.2}% 6
\BOOKMARK [3][-]{subsubsection.1.2.3}{\376\377\000A\000n\000g\000u\000l\000a\000r}{subsection.1.2}% 7
\BOOKMARK [2][-]{subsection.1.3}{\376\377\004\034\004\065\004\102\004\076\004\064\004\113\000\040\004\076\004\102\004\076\004\061\004\100\004\060\004\066\004\065\004\075\004\070\004\117\000\040\004\070\004\075\004\102\004\065\004\100\004\104\004\065\004\071\004\101\004\060\000\040\004\062\000\040\004\074\004\076\004\061\004\070\004\073\004\114\004\075\004\076\004\071\000\040\004\100\004\060\004\067\004\100\004\060\004\061\004\076\004\102\004\072\004\065}{section.1}% 8
\BOOKMARK [3][-]{subsubsection.1.3.1}{\376\377\004\032\004\100\004\076\004\101\004\101\004\077\004\073\004\060\004\102\004\104\004\076\004\100\004\074\004\065\004\075\004\075\004\060\004\117\000\040\004\100\004\060\004\067\004\100\004\060\004\061\004\076\004\102\004\072\004\060}{subsection.1.3}% 9
\BOOKMARK [3][-]{subsubsection.1.3.2}{\376\377\004\035\004\060\004\102\004\070\004\062\004\075\004\060\004\117\000\040\004\100\004\060\004\067\004\100\004\060\004\061\004\076\004\102\004\072\004\060\000\040\000A\000n\000d\000r\000o\000i\000d}{subsection.1.3}% 10
\BOOKMARK [3][-]{subsubsection.1.3.3}{\376\377\004\035\004\060\004\102\004\070\004\062\004\075\004\060\004\117\000\040\004\100\004\060\004\067\004\100\004\060\004\061\004\076\004\102\004\072\004\060\000\040\000i\000O\000S}{subsection.1.3}% 11
\BOOKMARK [2][-]{subsection.1.4}{\376\377\004\040\004\065\004\067\004\103\004\073\004\114\004\102\004\060\004\102\004\113\000\040\004\060\004\075\004\060\004\073\004\070\004\067\004\060}{section.1}% 12
\BOOKMARK [2][-]{subsection.1.5}{\376\377\004\037\004\076\004\101\004\102\004\060\004\075\004\076\004\062\004\072\004\060\000\040\004\067\004\060\004\064\004\060\004\107\004\070}{section.1}% 13
\BOOKMARK [2][-]{subsection.1.6}{\376\377\004\022\004\113\004\062\004\076\004\064\000\040\004\070\004\067\000\040\004\060\004\075\004\060\004\073\004\070\004\102\004\070\004\107\004\065\004\101\004\072\004\076\004\063\004\076\000\040\004\100\004\060\004\067\004\064\004\065\004\073\004\060}{section.1}% 14
\BOOKMARK [1][-]{section.2}{\376\377\004\032\004\076\004\075\004\101\004\102\004\100\004\103\004\072\004\102\004\076\004\100\004\101\004\072\004\060\004\117\000\040\004\107\004\060\004\101\004\102\004\114}{}% 15
\BOOKMARK [2][-]{subsection.2.1}{\376\377\004\042\004\100\004\065\004\061\004\076\004\062\004\060\004\075\004\070\004\117\000\040\004\070\000\040\004\076\004\063\004\100\004\060\004\075\004\070\004\107\004\065\004\075\004\070\004\117\000\040\004\072\000\040\004\100\004\060\004\067\004\100\004\060\004\061\004\060\004\102\004\113\004\062\004\060\004\065\004\074\004\076\004\074\004\103\000\040\004\074\004\065\004\102\004\076\004\064\004\103}{section.2}% 16
\BOOKMARK [2][-]{subsection.2.2}{\376\377\004\042\004\100\004\065\004\061\004\076\004\062\004\060\004\075\004\070\004\117\000\040\004\072\000\040\004\100\004\060\004\067\004\100\004\060\004\061\004\060\004\102\004\113\004\062\004\060\004\065\004\074\004\076\004\074\004\103\000\040\004\077\004\100\004\076\004\063\004\100\004\060\004\074\004\074\004\075\004\076\004\074\004\103\000\040\004\076\004\061\004\065\004\101\004\077\004\065\004\107\004\065\004\075\004\070\004\116}{section.2}% 17
\BOOKMARK [2][-]{subsection.2.3}{\376\377\004\036\004\101\004\075\004\076\004\062\004\075\004\113\004\065\000\040\004\115\004\102\004\060\004\077\004\113\000\040\004\100\004\060\004\067\004\100\004\060\004\061\004\060\004\102\004\113\004\062\004\060\004\065\004\074\004\076\004\063\004\076\000\040\004\074\004\065\004\102\004\076\004\064\004\060}{section.2}% 18
\BOOKMARK [2][-]{subsection.2.4}{\376\377\004\041\004\105\004\065\004\074\004\113\000\040\004\060\004\073\004\063\004\076\004\100\004\070\004\102\004\074\004\076\004\062}{section.2}% 19
\BOOKMARK [2][-]{subsection.2.5}{\376\377\004\022\004\113\004\062\004\076\004\064}{section.2}% 20
\BOOKMARK [1][-]{subsection.2.5}{\376\377\004\041\004\037\004\030\004\041\004\036\004\032\000\040\004\030\004\041\004\037\004\036\004\033\004\054\004\027\004\036\004\022\004\020\004\035\004\035\004\053\004\045\000\040\004\030\004\041\004\042\004\036\004\047\004\035\004\030\004\032\004\036\004\022}{}% 21
